{"C:\\Users\\Leticia Janet BR\\Desktop\\BootcampGeneration\\Actividades\\ActividadesLab\\AD-20-1\\js\\calculator\\calculator.js": {"path":"C:\\Users\\Leticia Janet BR\\Desktop\\BootcampGeneration\\Actividades\\ActividadesLab\\AD-20-1\\js\\calculator\\calculator.js","statementMap":{"0":{"start":{"line":1,"column":12},"end":{"line":3,"column":1}},"1":{"start":{"line":2,"column":4},"end":{"line":2,"column":17}},"2":{"start":{"line":4,"column":17},"end":{"line":6,"column":1}},"3":{"start":{"line":5,"column":2},"end":{"line":5,"column":15}},"4":{"start":{"line":9,"column":2},"end":{"line":9,"column":24}},"5":{"start":{"line":9,"column":13},"end":{"line":9,"column":24}},"6":{"start":{"line":10,"column":2},"end":{"line":10,"column":73}},"7":{"start":{"line":10,"column":24},"end":{"line":10,"column":73}},"8":{"start":{"line":11,"column":2},"end":{"line":11,"column":18}},"9":{"start":{"line":15,"column":2},"end":{"line":15,"column":15}},"10":{"start":{"line":19,"column":0},"end":{"line":19,"column":85}}},"fnMap":{"0":{"name":"(anonymous_0)","decl":{"start":{"line":1,"column":12},"end":{"line":1,"column":13}},"loc":{"start":{"line":1,"column":27},"end":{"line":3,"column":1}},"line":1},"1":{"name":"(anonymous_1)","decl":{"start":{"line":4,"column":17},"end":{"line":4,"column":18}},"loc":{"start":{"line":4,"column":32},"end":{"line":6,"column":1}},"line":4},"2":{"name":"divide","decl":{"start":{"line":8,"column":9},"end":{"line":8,"column":15}},"loc":{"start":{"line":8,"column":21},"end":{"line":12,"column":1}},"line":8},"3":{"name":"multiply","decl":{"start":{"line":14,"column":9},"end":{"line":14,"column":17}},"loc":{"start":{"line":14,"column":23},"end":{"line":16,"column":1}},"line":14}},"branchMap":{"0":{"loc":{"start":{"line":9,"column":2},"end":{"line":9,"column":24}},"type":"if","locations":[{"start":{"line":9,"column":2},"end":{"line":9,"column":24}},{"start":{},"end":{}}],"line":9},"1":{"loc":{"start":{"line":10,"column":2},"end":{"line":10,"column":73}},"type":"if","locations":[{"start":{"line":10,"column":2},"end":{"line":10,"column":73}},{"start":{},"end":{}}],"line":10},"2":{"loc":{"start":{"line":10,"column":5},"end":{"line":10,"column":23}},"type":"binary-expr","locations":[{"start":{"line":10,"column":5},"end":{"line":10,"column":12}},{"start":{"line":10,"column":16},"end":{"line":10,"column":23}}],"line":10}},"s":{"0":1,"1":2,"2":1,"3":2,"4":3,"5":1,"6":2,"7":1,"8":1,"9":3,"10":1},"f":{"0":2,"1":2,"2":3,"3":3},"b":{"0":[1,2],"1":[1,1],"2":[2,1]},"_coverageSchema":"1a1c01bbd47fc00a2c39e90264f33305004495a9","hash":"65e73c50402024b9c75e6a20a1a68aa51322ffb9"}
,"C:\\Users\\Leticia Janet BR\\Desktop\\BootcampGeneration\\Actividades\\ActividadesLab\\AD-20-1\\js\\user\\user-controller.js": {"path":"C:\\Users\\Leticia Janet BR\\Desktop\\BootcampGeneration\\Actividades\\ActividadesLab\\AD-20-1\\js\\user\\user-controller.js","statementMap":{"0":{"start":{"line":4,"column":8},"end":{"line":4,"column":24}},"1":{"start":{"line":8,"column":8},"end":{"line":8,"column":26}},"2":{"start":{"line":12,"column":8},"end":{"line":12,"column":30}},"3":{"start":{"line":16,"column":8},"end":{"line":18,"column":11}},"4":{"start":{"line":17,"column":12},"end":{"line":17,"column":31}},"5":{"start":{"line":22,"column":8},"end":{"line":25,"column":9}},"6":{"start":{"line":22,"column":21},"end":{"line":22,"column":22}},"7":{"start":{"line":23,"column":12},"end":{"line":24,"column":37}},"8":{"start":{"line":24,"column":16},"end":{"line":24,"column":37}},"9":{"start":{"line":29,"column":8},"end":{"line":32,"column":9}},"10":{"start":{"line":29,"column":21},"end":{"line":29,"column":22}},"11":{"start":{"line":30,"column":12},"end":{"line":31,"column":37}},"12":{"start":{"line":31,"column":16},"end":{"line":31,"column":37}},"13":{"start":{"line":39,"column":0},"end":{"line":39,"column":32}}},"fnMap":{"0":{"name":"(anonymous_0)","decl":{"start":{"line":3,"column":4},"end":{"line":3,"column":5}},"loc":{"start":{"line":3,"column":17},"end":{"line":5,"column":5}},"line":3},"1":{"name":"(anonymous_1)","decl":{"start":{"line":7,"column":4},"end":{"line":7,"column":5}},"loc":{"start":{"line":7,"column":14},"end":{"line":9,"column":5}},"line":7},"2":{"name":"(anonymous_2)","decl":{"start":{"line":11,"column":4},"end":{"line":11,"column":5}},"loc":{"start":{"line":11,"column":13},"end":{"line":13,"column":5}},"line":11},"3":{"name":"(anonymous_3)","decl":{"start":{"line":15,"column":4},"end":{"line":15,"column":5}},"loc":{"start":{"line":15,"column":16},"end":{"line":19,"column":5}},"line":15},"4":{"name":"(anonymous_4)","decl":{"start":{"line":16,"column":39},"end":{"line":16,"column":40}},"loc":{"start":{"line":16,"column":52},"end":{"line":18,"column":9}},"line":16},"5":{"name":"(anonymous_5)","decl":{"start":{"line":21,"column":4},"end":{"line":21,"column":5}},"loc":{"start":{"line":21,"column":22},"end":{"line":26,"column":5}},"line":21},"6":{"name":"(anonymous_6)","decl":{"start":{"line":28,"column":4},"end":{"line":28,"column":5}},"loc":{"start":{"line":28,"column":16},"end":{"line":33,"column":5}},"line":28}},"branchMap":{"0":{"loc":{"start":{"line":23,"column":12},"end":{"line":24,"column":37}},"type":"if","locations":[{"start":{"line":23,"column":12},"end":{"line":24,"column":37}},{"start":{},"end":{}}],"line":23},"1":{"loc":{"start":{"line":30,"column":12},"end":{"line":31,"column":37}},"type":"if","locations":[{"start":{"line":30,"column":12},"end":{"line":31,"column":37}},{"start":{},"end":{}}],"line":30}},"s":{"0":1,"1":3,"2":4,"3":1,"4":2,"5":2,"6":2,"7":4,"8":1,"9":2,"10":2,"11":6,"12":1,"13":1},"f":{"0":1,"1":3,"2":4,"3":1,"4":2,"5":2,"6":2},"b":{"0":[1,3],"1":[1,5]},"_coverageSchema":"1a1c01bbd47fc00a2c39e90264f33305004495a9","hash":"0618947f2cd0e75ff3c5d3f88d6225c5d55a16df"}
,"C:\\Users\\Leticia Janet BR\\Desktop\\BootcampGeneration\\Actividades\\ActividadesLab\\AD-20-1\\js\\user\\user.js": {"path":"C:\\Users\\Leticia Janet BR\\Desktop\\BootcampGeneration\\Actividades\\ActividadesLab\\AD-20-1\\js\\user\\user.js","statementMap":{"0":{"start":{"line":3,"column":6},"end":{"line":3,"column":19}},"1":{"start":{"line":4,"column":6},"end":{"line":4,"column":23}},"2":{"start":{"line":5,"column":6},"end":{"line":5,"column":25}},"3":{"start":{"line":9,"column":8},"end":{"line":9,"column":23}},"4":{"start":{"line":13,"column":8},"end":{"line":13,"column":25}},"5":{"start":{"line":17,"column":8},"end":{"line":17,"column":26}},"6":{"start":{"line":21,"column":8},"end":{"line":21,"column":35}},"7":{"start":{"line":26,"column":0},"end":{"line":26,"column":22}}},"fnMap":{"0":{"name":"(anonymous_0)","decl":{"start":{"line":2,"column":4},"end":{"line":2,"column":5}},"loc":{"start":{"line":2,"column":33},"end":{"line":6,"column":5}},"line":2},"1":{"name":"(anonymous_1)","decl":{"start":{"line":8,"column":4},"end":{"line":8,"column":5}},"loc":{"start":{"line":8,"column":11},"end":{"line":10,"column":5}},"line":8},"2":{"name":"(anonymous_2)","decl":{"start":{"line":12,"column":4},"end":{"line":12,"column":5}},"loc":{"start":{"line":12,"column":13},"end":{"line":14,"column":5}},"line":12},"3":{"name":"(anonymous_3)","decl":{"start":{"line":16,"column":4},"end":{"line":16,"column":5}},"loc":{"start":{"line":16,"column":14},"end":{"line":18,"column":5}},"line":16},"4":{"name":"(anonymous_4)","decl":{"start":{"line":20,"column":4},"end":{"line":20,"column":5}},"loc":{"start":{"line":20,"column":18},"end":{"line":22,"column":5}},"line":20}},"branchMap":{},"s":{"0":4,"1":4,"2":4,"3":0,"4":0,"5":0,"6":0,"7":1},"f":{"0":4,"1":0,"2":0,"3":0,"4":0},"b":{},"_coverageSchema":"1a1c01bbd47fc00a2c39e90264f33305004495a9","hash":"c2a9df48f72762750b7f517bebfa5ebd5a7f619f"}
}
