TN:
SF:js\calculator\calculator.js
FN:1,(anonymous_0)
FN:4,(anonymous_1)
FN:8,divide
FN:14,multiply
FNF:4
FNH:4
FNDA:2,(anonymous_0)
FNDA:2,(anonymous_1)
FNDA:3,divide
FNDA:3,multiply
DA:1,1
DA:2,2
DA:4,1
DA:5,2
DA:9,3
DA:10,2
DA:11,1
DA:15,3
DA:19,1
LF:9
LH:9
BRDA:9,0,0,1
BRDA:9,0,1,2
BRDA:10,1,0,1
BRDA:10,1,1,1
BRDA:10,2,0,2
BRDA:10,2,1,1
BRF:6
BRH:6
end_of_record
TN:
SF:js\user\user-controller.js
FN:3,(anonymous_0)
FN:7,(anonymous_1)
FN:11,(anonymous_2)
FN:15,(anonymous_3)
FN:16,(anonymous_4)
FN:21,(anonymous_5)
FN:28,(anonymous_6)
FNF:7
FNH:7
FNDA:1,(anonymous_0)
FNDA:3,(anonymous_1)
FNDA:4,(anonymous_2)
FNDA:1,(anonymous_3)
FNDA:2,(anonymous_4)
FNDA:2,(anonymous_5)
FNDA:2,(anonymous_6)
DA:4,1
DA:8,3
DA:12,4
DA:16,1
DA:17,2
DA:22,2
DA:23,4
DA:24,1
DA:29,2
DA:30,6
DA:31,1
DA:39,1
LF:12
LH:12
BRDA:23,0,0,1
BRDA:23,0,1,3
BRDA:30,1,0,1
BRDA:30,1,1,5
BRF:4
BRH:4
end_of_record
TN:
SF:js\user\user.js
FN:2,(anonymous_0)
FN:8,(anonymous_1)
FN:12,(anonymous_2)
FN:16,(anonymous_3)
FN:20,(anonymous_4)
FNF:5
FNH:1
FNDA:4,(anonymous_0)
FNDA:0,(anonymous_1)
FNDA:0,(anonymous_2)
FNDA:0,(anonymous_3)
FNDA:0,(anonymous_4)
DA:3,4
DA:4,4
DA:5,4
DA:9,0
DA:13,0
DA:17,0
DA:21,0
DA:26,1
LF:8
LH:4
BRF:0
BRH:0
end_of_record
